mode: set
github.com/teruyoshi/todoApp/cmd/todo_app/main.go:13.13,26.45 3 0
github.com/teruyoshi/todoApp/cmd/todo_app/main.go:26.45,27.63 1 0
github.com/teruyoshi/todoApp/cmd/todo_app/main.go:27.63,30.4 2 0
github.com/teruyoshi/todoApp/cmd/todo_app/main.go:32.3,32.34 1 0
github.com/teruyoshi/todoApp/cmd/todo_app/main.go:35.2,40.76 2 0
github.com/teruyoshi/todoApp/cmd/todo_app/main.go:40.76,42.3 1 0
github.com/teruyoshi/todoApp/internal/features/todoCreate/handler/http.go:12.48,14.2 1 0
github.com/teruyoshi/todoApp/internal/features/todoCreate/handler/http.go:16.76,18.59 2 0
github.com/teruyoshi/todoApp/internal/features/todoCreate/handler/http.go:18.59,21.3 2 0
github.com/teruyoshi/todoApp/internal/features/todoCreate/handler/http.go:23.2,24.53 2 0
github.com/teruyoshi/todoApp/internal/features/todoCreate/handler/http.go:24.53,27.3 2 0
github.com/teruyoshi/todoApp/internal/features/todoCreate/repository/mysql/repository.go:16.52,18.2 1 0
github.com/teruyoshi/todoApp/internal/features/todoCreate/repository/mysql/repository.go:20.69,22.106 2 0
github.com/teruyoshi/todoApp/internal/features/todoCreate/repository/mysql/repository.go:22.106,24.3 1 0
github.com/teruyoshi/todoApp/internal/features/todoCreate/repository/mysql/repository.go:25.2,25.15 1 0
github.com/teruyoshi/todoApp/internal/features/todoCreate/usecase/create.go:7.48,9.2 1 0
github.com/teruyoshi/todoApp/internal/features/todoCreate/usecase/create.go:11.73,14.2 1 0
github.com/teruyoshi/todoApp/internal/router/todo.go:9.39,10.65 1 0
github.com/teruyoshi/todoApp/internal/router/todo.go:10.65,13.3 2 0
